<?xml version="1.0" encoding="UTF-8"?>
<!-- Generated by org.testng.reporters.JUnitReportReporter -->
<testsuite skipped="0" hostname="f02e93d24ba5" name="com.newtours.tests.BookFlightTest" tests="20" failures="0" timestamp="17 Sep 2021 15:21:22 GMT" time="23.198" errors="0">
  <testcase name="registrationPage" time="3.755" classname="com.newtours.tests.BookFlightTest"/>
  <testcase name="flightDetailsPage" time="1.287" classname="com.newtours.tests.BookFlightTest"/>
  <testcase name="flightConfirmationPage" time="0.213" classname="com.newtours.tests.BookFlightTest"/>
  <testcase name="registrationPage" time="4.286" classname="com.newtours.tests.BookFlightTest"/>
  <testcase name="registrationConfirmationPage" time="0.153" classname="com.newtours.tests.BookFlightTest"/>
  <testcase name="registrationConfirmationPage" time="0.117" classname="com.newtours.tests.BookFlightTest"/>
  <testcase name="flightDetailsPage" time="1.361" classname="com.newtours.tests.BookFlightTest"/>
  <testcase name="registrationPage" time="3.896" classname="com.newtours.tests.BookFlightTest"/>
  <testcase name="registrationPage" time="3.528" classname="com.newtours.tests.BookFlightTest"/>
  <testcase name="flightDetailsPage" time="1.318" classname="com.newtours.tests.BookFlightTest"/>
  <testcase name="findFlightPage" time="0.283" classname="com.newtours.tests.BookFlightTest"/>
  <testcase name="flightConfirmationPage" time="0.283" classname="com.newtours.tests.BookFlightTest"/>
  <testcase name="registrationConfirmationPage" time="0.112" classname="com.newtours.tests.BookFlightTest"/>
  <testcase name="findFlightPage" time="0.238" classname="com.newtours.tests.BookFlightTest"/>
  <testcase name="flightDetailsPage" time="1.307" classname="com.newtours.tests.BookFlightTest"/>
  <testcase name="findFlightPage" time="0.291" classname="com.newtours.tests.BookFlightTest"/>
  <testcase name="flightConfirmationPage" time="0.232" classname="com.newtours.tests.BookFlightTest"/>
  <testcase name="registrationConfirmationPage" time="0.111" classname="com.newtours.tests.BookFlightTest"/>
  <testcase name="flightConfirmationPage" time="0.189" classname="com.newtours.tests.BookFlightTest"/>
  <testcase name="findFlightPage" time="0.238" classname="com.newtours.tests.BookFlightTest"/>
</testsuite> <!-- com.newtours.tests.BookFlightTest -->
