<?xml version="1.0" encoding="UTF-8"?>
<!-- Generated by org.testng.reporters.JUnitReportReporter -->
<testsuite skipped="0" hostname="aad10513a135" name="com.newtours.tests.BookFlightTest" tests="20" failures="0" timestamp="17 Sep 2021 15:21:23 GMT" time="29.046" errors="0">
  <testcase name="registrationConfirmationPage" time="0.099" classname="com.newtours.tests.BookFlightTest"/>
  <testcase name="registrationConfirmationPage" time="0.132" classname="com.newtours.tests.BookFlightTest"/>
  <testcase name="flightDetailsPage" time="1.650" classname="com.newtours.tests.BookFlightTest"/>
  <testcase name="flightDetailsPage" time="1.704" classname="com.newtours.tests.BookFlightTest"/>
  <testcase name="findFlightPage" time="0.714" classname="com.newtours.tests.BookFlightTest"/>
  <testcase name="findFlightPage" time="0.581" classname="com.newtours.tests.BookFlightTest"/>
  <testcase name="flightDetailsPage" time="1.637" classname="com.newtours.tests.BookFlightTest"/>
  <testcase name="registrationPage" time="4.732" classname="com.newtours.tests.BookFlightTest"/>
  <testcase name="flightConfirmationPage" time="0.418" classname="com.newtours.tests.BookFlightTest"/>
  <testcase name="registrationConfirmationPage" time="0.097" classname="com.newtours.tests.BookFlightTest"/>
  <testcase name="registrationConfirmationPage" time="0.138" classname="com.newtours.tests.BookFlightTest"/>
  <testcase name="flightConfirmationPage" time="0.358" classname="com.newtours.tests.BookFlightTest"/>
  <testcase name="registrationPage" time="4.773" classname="com.newtours.tests.BookFlightTest"/>
  <testcase name="registrationPage" time="4.089" classname="com.newtours.tests.BookFlightTest"/>
  <testcase name="flightConfirmationPage" time="0.330" classname="com.newtours.tests.BookFlightTest"/>
  <testcase name="flightConfirmationPage" time="0.392" classname="com.newtours.tests.BookFlightTest"/>
  <testcase name="findFlightPage" time="0.639" classname="com.newtours.tests.BookFlightTest"/>
  <testcase name="flightDetailsPage" time="1.504" classname="com.newtours.tests.BookFlightTest"/>
  <testcase name="registrationPage" time="4.435" classname="com.newtours.tests.BookFlightTest"/>
  <testcase name="findFlightPage" time="0.624" classname="com.newtours.tests.BookFlightTest"/>
</testsuite> <!-- com.newtours.tests.BookFlightTest -->
