<?xml version="1.0" encoding="UTF-8"?>
<!-- Generated by org.testng.reporters.JUnitReportReporter -->
<testsuite skipped="0" hostname="b43b2b2f9e81" name="com.searchmodule.tests.SearchTest" tests="5" failures="0" timestamp="17 Sep 2021 15:21:44 GMT" time="12.946" errors="0">
  <testcase name="search" time="2.487" classname="com.searchmodule.tests.SearchTest"/>
  <testcase name="search" time="2.491" classname="com.searchmodule.tests.SearchTest"/>
  <testcase name="search" time="2.495" classname="com.searchmodule.tests.SearchTest"/>
  <testcase name="search" time="2.831" classname="com.searchmodule.tests.SearchTest"/>
  <testcase name="search" time="2.642" classname="com.searchmodule.tests.SearchTest"/>
</testsuite> <!-- com.searchmodule.tests.SearchTest -->
