<?xml version="1.0" encoding="UTF-8"?>
<!-- Generated by org.testng.reporters.JUnitReportReporter -->
<testsuite skipped="0" hostname="89485071aa77" name="com.searchmodule.tests.SearchTest" tests="5" failures="0" timestamp="17 Sep 2021 15:21:32 GMT" time="15.433" errors="0">
  <testcase name="search" time="3.221" classname="com.searchmodule.tests.SearchTest"/>
  <testcase name="search" time="3.691" classname="com.searchmodule.tests.SearchTest"/>
  <testcase name="search" time="3.033" classname="com.searchmodule.tests.SearchTest"/>
  <testcase name="search" time="2.604" classname="com.searchmodule.tests.SearchTest"/>
  <testcase name="search" time="2.884" classname="com.searchmodule.tests.SearchTest"/>
</testsuite> <!-- com.searchmodule.tests.SearchTest -->
